2023-08-19 19:56:29.682 INFO  [main] com.standard.StandardApplication - Starting StandardApplication using Java 17.0.7 with PID 15368 (E:\Project\Standard\Standard\target\classes started by Admin in E:\Project\Standard\Standard)
2023-08-19 19:56:29.690 INFO  [main] com.standard.StandardApplication - No active profile set, falling back to 1 default profile: "default"
2023-08-19 19:56:32.350 INFO  [main] o.s.d.r.c.RepositoryConfigurationDelegate - Bootstrapping Spring Data JPA repositories in DEFAULT mode.
2023-08-19 19:56:32.611 INFO  [main] o.s.d.r.c.RepositoryConfigurationDelegate - Finished Spring Data repository scanning in 227 ms. Found 4 JPA repository interfaces.
2023-08-19 19:56:34.537 INFO  [main] o.s.b.w.e.tomcat.TomcatWebServer - Tomcat initialized with port(s): 8080 (http)
2023-08-19 19:56:34.561 INFO  [main] o.a.coyote.http11.Http11NioProtocol - Initializing ProtocolHandler ["http-nio-8080"]
2023-08-19 19:56:34.569 INFO  [main] o.a.catalina.core.StandardService - Starting service [Tomcat]
2023-08-19 19:56:34.570 INFO  [main] o.a.catalina.core.StandardEngine - Starting Servlet engine: [Apache Tomcat/10.1.11]
2023-08-19 19:56:34.907 INFO  [main] o.a.c.c.C.[Tomcat].[localhost].[/] - Initializing Spring embedded WebApplicationContext
2023-08-19 19:56:34.912 INFO  [main] o.s.b.w.s.c.ServletWebServerApplicationContext - Root WebApplicationContext: initialization completed in 5063 ms
2023-08-19 19:56:35.376 INFO  [main] o.h.jpa.internal.util.LogHelper - HHH000204: Processing PersistenceUnitInfo [name: default]
2023-08-19 19:56:35.530 INFO  [main] org.hibernate.Version - HHH000412: Hibernate ORM core version 6.2.6.Final
2023-08-19 19:56:35.534 INFO  [main] org.hibernate.cfg.Environment - HHH000406: Using bytecode reflection optimizer
2023-08-19 19:56:35.929 INFO  [main] o.h.b.i.BytecodeProviderInitiator - HHH000021: Bytecode provider name : bytebuddy
2023-08-19 19:56:36.217 INFO  [main] o.s.o.j.p.SpringPersistenceUnitInfo - No LoadTimeWeaver setup: ignoring JPA class transformer
2023-08-19 19:56:36.277 INFO  [main] com.zaxxer.hikari.HikariDataSource - HikariPool-1 - Starting...
2023-08-19 19:56:36.997 INFO  [main] com.zaxxer.hikari.pool.HikariPool - HikariPool-1 - Added connection com.mysql.cj.jdbc.ConnectionImpl@3dda8a2e
2023-08-19 19:56:37.001 INFO  [main] com.zaxxer.hikari.HikariDataSource - HikariPool-1 - Start completed.
2023-08-19 19:56:37.911 INFO  [main] o.h.b.i.BytecodeProviderInitiator - HHH000021: Bytecode provider name : bytebuddy
2023-08-19 19:56:39.257 INFO  [main] o.h.e.t.j.p.i.JtaPlatformInitiator - HHH000490: Using JtaPlatform implementation: [org.hibernate.engine.transaction.jta.platform.internal.NoJtaPlatform]
2023-08-19 19:56:40.851 INFO  [main] o.s.o.j.LocalContainerEntityManagerFactoryBean - Initialized JPA EntityManagerFactory for persistence unit 'default'
2023-08-19 19:56:41.962 WARN  [main] o.s.b.a.o.j.JpaBaseConfiguration$JpaWebConfiguration - spring.jpa.open-in-view is enabled by default. Therefore, database queries may be performed during view rendering. Explicitly configure spring.jpa.open-in-view to disable this warning
2023-08-19 19:56:43.230 INFO  [main] o.a.coyote.http11.Http11NioProtocol - Starting ProtocolHandler ["http-nio-8080"]
2023-08-19 19:56:43.299 INFO  [main] o.s.b.w.e.tomcat.TomcatWebServer - Tomcat started on port(s): 8080 (http) with context path ''
2023-08-19 19:56:43.325 INFO  [main] com.standard.StandardApplication - Started StandardApplication in 14.925 seconds (process running for 16.123)
2023-08-19 20:07:33.913 INFO  [SpringApplicationShutdownHook] o.s.o.j.LocalContainerEntityManagerFactoryBean - Closing JPA EntityManagerFactory for persistence unit 'default'
2023-08-19 20:07:33.916 INFO  [SpringApplicationShutdownHook] com.zaxxer.hikari.HikariDataSource - HikariPool-1 - Shutdown initiated...
2023-08-19 20:07:33.977 INFO  [SpringApplicationShutdownHook] com.zaxxer.hikari.HikariDataSource - HikariPool-1 - Shutdown completed.
2023-08-19 20:46:32.626 INFO  [main] com.standard.StandardApplication - Starting StandardApplication using Java 17.0.7 with PID 14120 (E:\Project\Standard\Standard\target\classes started by Admin in E:\Project\Standard\Standard)
2023-08-19 20:46:32.648 INFO  [main] com.standard.StandardApplication - No active profile set, falling back to 1 default profile: "default"
2023-08-19 20:46:34.904 INFO  [main] o.s.d.r.c.RepositoryConfigurationDelegate - Bootstrapping Spring Data JPA repositories in DEFAULT mode.
2023-08-19 20:46:35.101 INFO  [main] o.s.d.r.c.RepositoryConfigurationDelegate - Finished Spring Data repository scanning in 175 ms. Found 4 JPA repository interfaces.
2023-08-19 20:46:36.987 INFO  [main] o.s.b.w.e.tomcat.TomcatWebServer - Tomcat initialized with port(s): 8080 (http)
2023-08-19 20:46:37.002 INFO  [main] o.a.coyote.http11.Http11NioProtocol - Initializing ProtocolHandler ["http-nio-8080"]
2023-08-19 20:46:37.021 INFO  [main] o.a.catalina.core.StandardService - Starting service [Tomcat]
2023-08-19 20:46:37.021 INFO  [main] o.a.catalina.core.StandardEngine - Starting Servlet engine: [Apache Tomcat/10.1.11]
2023-08-19 20:46:37.331 INFO  [main] o.a.c.c.C.[Tomcat].[localhost].[/] - Initializing Spring embedded WebApplicationContext
2023-08-19 20:46:37.337 INFO  [main] o.s.b.w.s.c.ServletWebServerApplicationContext - Root WebApplicationContext: initialization completed in 4528 ms
2023-08-19 20:46:37.868 INFO  [main] o.h.jpa.internal.util.LogHelper - HHH000204: Processing PersistenceUnitInfo [name: default]
2023-08-19 20:46:38.017 INFO  [main] org.hibernate.Version - HHH000412: Hibernate ORM core version 6.2.6.Final
2023-08-19 20:46:38.021 INFO  [main] org.hibernate.cfg.Environment - HHH000406: Using bytecode reflection optimizer
2023-08-19 20:46:38.403 INFO  [main] o.h.b.i.BytecodeProviderInitiator - HHH000021: Bytecode provider name : bytebuddy
2023-08-19 20:46:38.711 INFO  [main] o.s.o.j.p.SpringPersistenceUnitInfo - No LoadTimeWeaver setup: ignoring JPA class transformer
2023-08-19 20:46:38.764 INFO  [main] com.zaxxer.hikari.HikariDataSource - HikariPool-1 - Starting...
2023-08-19 20:46:40.389 INFO  [main] com.zaxxer.hikari.pool.HikariPool - HikariPool-1 - Added connection com.mysql.cj.jdbc.ConnectionImpl@3dbb3fb7
2023-08-19 20:46:40.393 INFO  [main] com.zaxxer.hikari.HikariDataSource - HikariPool-1 - Start completed.
2023-08-19 20:46:41.268 INFO  [main] o.h.b.i.BytecodeProviderInitiator - HHH000021: Bytecode provider name : bytebuddy
2023-08-19 20:46:42.611 INFO  [main] o.h.e.t.j.p.i.JtaPlatformInitiator - HHH000490: Using JtaPlatform implementation: [org.hibernate.engine.transaction.jta.platform.internal.NoJtaPlatform]
2023-08-19 20:46:43.740 INFO  [main] o.s.o.j.LocalContainerEntityManagerFactoryBean - Initialized JPA EntityManagerFactory for persistence unit 'default'
2023-08-19 20:46:45.907 WARN  [main] o.s.b.a.o.j.JpaBaseConfiguration$JpaWebConfiguration - spring.jpa.open-in-view is enabled by default. Therefore, database queries may be performed during view rendering. Explicitly configure spring.jpa.open-in-view to disable this warning
2023-08-19 20:46:47.056 INFO  [main] o.a.coyote.http11.Http11NioProtocol - Starting ProtocolHandler ["http-nio-8080"]
2023-08-19 20:46:47.162 INFO  [main] o.s.b.w.e.tomcat.TomcatWebServer - Tomcat started on port(s): 8080 (http) with context path ''
2023-08-19 20:46:47.203 INFO  [main] com.standard.StandardApplication - Started StandardApplication in 16.241 seconds (process running for 17.607)
2023-08-19 20:47:47.413 INFO  [http-nio-8080-exec-1] o.a.c.c.C.[Tomcat].[localhost].[/] - Initializing Spring DispatcherServlet 'dispatcherServlet'
2023-08-19 20:47:47.414 INFO  [http-nio-8080-exec-1] o.s.web.servlet.DispatcherServlet - Initializing Servlet 'dispatcherServlet'
2023-08-19 20:47:47.432 INFO  [http-nio-8080-exec-1] o.s.web.servlet.DispatcherServlet - Completed initialization in 6 ms
2023-08-19 20:47:49.592 INFO  [http-nio-8080-exec-3] o.s.api.AbstractOpenApiResource - Init duration for springdoc-openapi is: 1254 ms
2023-08-19 20:47:57.611 ERROR [http-nio-8080-exec-4] c.standard.exception.HandleException - {"cause":null,"stackTrace":[{"classLoaderName":"app","moduleName":null,"moduleVersion":null,"methodName":"lambda$delete$1","fileName":"AuthorServiceImpl.java","lineNumber":39,"nativeMethod":false,"className":"com.standard.service.impl.AuthorServiceImpl"},{"classLoaderName":null,"moduleName":"java.base","moduleVersion":"17.0.7","methodName":"orElseThrow","fileName":"Optional.java","lineNumber":403,"nativeMethod":false,"className":"java.util.Optional"},{"classLoaderName":"app","moduleName":null,"moduleVersion":null,"methodName":"delete","fileName":"AuthorServiceImpl.java","lineNumber":39,"nativeMethod":false,"className":"com.standard.service.impl.AuthorServiceImpl"},{"classLoaderName":"app","moduleName":null,"moduleVersion":null,"methodName":"delete","fileName":"AuthorController.java","lineNumber":52,"nativeMethod":false,"className":"com.standard.controller.AuthorController"},{"classLoaderName":null,"moduleName":"java.base","moduleVersion":"17.0.7","methodName":"invoke0","fileName":"NativeMethodAccessorImpl.java","lineNumber":-2,"nativeMethod":true,"className":"jdk.internal.reflect.NativeMethodAccessorImpl"},{"classLoaderName":null,"moduleName":"java.base","moduleVersion":"17.0.7","methodName":"invoke","fileName":"NativeMethodAccessorImpl.java","lineNumber":77,"nativeMethod":false,"className":"jdk.internal.reflect.NativeMethodAccessorImpl"},{"classLoaderName":null,"moduleName":"java.base","moduleVersion":"17.0.7","methodName":"invoke","fileName":"DelegatingMethodAccessorImpl.java","lineNumber":43,"nativeMethod":false,"className":"jdk.internal.reflect.DelegatingMethodAccessorImpl"},{"classLoaderName":null,"moduleName":"java.base","moduleVersion":"17.0.7","methodName":"invoke","fileName":"Method.java","lineNumber":568,"nativeMethod":false,"className":"java.lang.reflect.Method"},{"classLoaderName":"app","moduleName":null,"moduleVersion":null,"methodName":"doInvoke","fileName":"InvocableHandlerMethod.java","lineNumber":205,"nativeMethod":false,"className":"org.springframework.web.method.support.InvocableHandlerMethod"},{"classLoaderName":"app","moduleName":null,"moduleVersion":null,"methodName":"invokeForRequest","fileName":"InvocableHandlerMethod.java","lineNumber":150,"nativeMethod":false,"className":"org.springframework.web.method.support.InvocableHandlerMethod"},{"classLoaderName":"app","moduleName":null,"moduleVersion":null,"methodName":"invokeAndHandle","fileName":"ServletInvocableHandlerMethod.java","lineNumber":118,"nativeMethod":false,"className":"org.springframework.web.servlet.mvc.method.annotation.ServletInvocableHandlerMethod"},{"classLoaderName":"app","moduleName":null,"moduleVersion":null,"methodName":"invokeHandlerMethod","fileName":"RequestMappingHandlerAdapter.java","lineNumber":884,"nativeMethod":false,"className":"org.springframework.web.servlet.mvc.method.annotation.RequestMappingHandlerAdapter"},{"classLoaderName":"app","moduleName":null,"moduleVersion":null,"methodName":"handleInternal","fileName":"RequestMappingHandlerAdapter.java","lineNumber":797,"nativeMethod":false,"className":"org.springframework.web.servlet.mvc.method.annotation.RequestMappingHandlerAdapter"},{"classLoaderName":"app","moduleName":null,"moduleVersion":null,"methodName":"handle","fileName":"AbstractHandlerMethodAdapter.java","lineNumber":87,"nativeMethod":false,"className":"org.springframework.web.servlet.mvc.method.AbstractHandlerMethodAdapter"},{"classLoaderName":"app","moduleName":null,"moduleVersion":null,"methodName":"doDispatch","fileName":"DispatcherServlet.java","lineNumber":1081,"nativeMethod":false,"className":"org.springframework.web.servlet.DispatcherServlet"},{"classLoaderName":"app","moduleName":null,"moduleVersion":null,"methodName":"doService","fileName":"DispatcherServlet.java","lineNumber":974,"nativeMethod":false,"className":"org.springframework.web.servlet.DispatcherServlet"},{"classLoaderName":"app","moduleName":null,"moduleVersion":null,"methodName":"processRequest","fileName":"FrameworkServlet.java","lineNumber":1011,"nativeMethod":false,"className":"org.springframework.web.servlet.FrameworkServlet"},{"classLoaderName":"app","moduleName":null,"moduleVersion":null,"methodName":"doDelete","fileName":"FrameworkServlet.java","lineNumber":936,"nativeMethod":false,"className":"org.springframework.web.servlet.FrameworkServlet"},{"classLoaderName":"app","moduleName":null,"moduleVersion":null,"methodName":"service","fileName":"HttpServlet.java","lineNumber":596,"nativeMethod":false,"className":"jakarta.servlet.http.HttpServlet"},{"classLoaderName":"app","moduleName":null,"moduleVersion":null,"methodName":"service","fileName":"FrameworkServlet.java","lineNumber":885,"nativeMethod":false,"className":"org.springframework.web.servlet.FrameworkServlet"},{"classLoaderName":"app","moduleName":null,"moduleVersion":null,"methodName":"service","fileName":"HttpServlet.java","lineNumber":658,"nativeMethod":false,"className":"jakarta.servlet.http.HttpServlet"},{"classLoaderName":"app","moduleName":null,"moduleVersion":null,"methodName":"internalDoFilter","fileName":"ApplicationFilterChain.java","lineNumber":205,"nativeMethod":false,"className":"org.apache.catalina.core.ApplicationFilterChain"},{"classLoaderName":"app","moduleName":null,"moduleVersion":null,"methodName":"doFilter","fileName":"ApplicationFilterChain.java","lineNumber":149,"nativeMethod":false,"className":"org.apache.catalina.core.ApplicationFilterChain"},{"classLoaderName":"app","moduleName":null,"moduleVersion":null,"methodName":"doFilter","fileName":"WsFilter.java","lineNumber":51,"nativeMethod":false,"className":"org.apache.tomcat.websocket.server.WsFilter"},{"classLoaderName":"app","moduleName":null,"moduleVersion":null,"methodName":"internalDoFilter","fileName":"ApplicationFilterChain.java","lineNumber":174,"nativeMethod":false,"className":"org.apache.catalina.core.ApplicationFilterChain"},{"classLoaderName":"app","moduleName":null,"moduleVersion":null,"methodName":"doFilter","fileName":"ApplicationFilterChain.java","lineNumber":149,"nativeMethod":false,"className":"org.apache.catalina.core.ApplicationFilterChain"},{"classLoaderName":"app","moduleName":null,"moduleVersion":null,"methodName":"doFilterInternal","fileName":"RequestContextFilter.java","lineNumber":100,"nativeMethod":false,"className":"org.springframework.web.filter.RequestContextFilter"},{"classLoaderName":"app","moduleName":null,"moduleVersion":null,"methodName":"doFilter","fileName":"OncePerRequestFilter.java","lineNumber":116,"nativeMethod":false,"className":"org.springframework.web.filter.OncePerRequestFilter"},{"classLoaderName":"app","moduleName":null,"moduleVersion":null,"methodName":"internalDoFilter","fileName":"ApplicationFilterChain.java","lineNumber":174,"nativeMethod":false,"className":"org.apache.catalina.core.ApplicationFilterChain"},{"classLoaderName":"app","moduleName":null,"moduleVersion":null,"methodName":"doFilter","fileName":"ApplicationFilterChain.java","lineNumber":149,"nativeMethod":false,"className":"org.apache.catalina.core.ApplicationFilterChain"},{"classLoaderName":"app","moduleName":null,"moduleVersion":null,"methodName":"doFilterInternal","fileName":"FormContentFilter.java","lineNumber":93,"nativeMethod":false,"className":"org.springframework.web.filter.FormContentFilter"},{"classLoaderName":"app","moduleName":null,"moduleVersion":null,"methodName":"doFilter","fileName":"OncePerRequestFilter.java","lineNumber":116,"nativeMethod":false,"className":"org.springframework.web.filter.OncePerRequestFilter"},{"classLoaderName":"app","moduleName":null,"moduleVersion":null,"methodName":"internalDoFilter","fileName":"ApplicationFilterChain.java","lineNumber":174,"nativeMethod":false,"className":"org.apache.catalina.core.ApplicationFilterChain"},{"classLoaderName":"app","moduleName":null,"moduleVersion":null,"methodName":"doFilter","fileName":"ApplicationFilterChain.java","lineNumber":149,"nativeMethod":false,"className":"org.apache.catalina.core.ApplicationFilterChain"},{"classLoaderName":"app","moduleName":null,"moduleVersion":null,"methodName":"doFilterInternal","fileName":"CharacterEncodingFilter.java","lineNumber":201,"nativeMethod":false,"className":"org.springframework.web.filter.CharacterEncodingFilter"},{"classLoaderName":"app","moduleName":null,"moduleVersion":null,"methodName":"doFilter","fileName":"OncePerRequestFilter.java","lineNumber":116,"nativeMethod":false,"className":"org.springframework.web.filter.OncePerRequestFilter"},{"classLoaderName":"app","moduleName":null,"moduleVersion":null,"methodName":"internalDoFilter","fileName":"ApplicationFilterChain.java","lineNumber":174,"nativeMethod":false,"className":"org.apache.catalina.core.ApplicationFilterChain"},{"classLoaderName":"app","moduleName":null,"moduleVersion":null,"methodName":"doFilter","fileName":"ApplicationFilterChain.java","lineNumber":149,"nativeMethod":false,"className":"org.apache.catalina.core.ApplicationFilterChain"},{"classLoaderName":"app","moduleName":null,"moduleVersion":null,"methodName":"invoke","fileName":"StandardWrapperValve.java","lineNumber":166,"nativeMethod":false,"className":"org.apache.catalina.core.StandardWrapperValve"},{"classLoaderName":"app","moduleName":null,"moduleVersion":null,"methodName":"invoke","fileName":"StandardContextValve.java","lineNumber":90,"nativeMethod":false,"className":"org.apache.catalina.core.StandardContextValve"},{"classLoaderName":"app","moduleName":null,"moduleVersion":null,"methodName":"invoke","fileName":"AuthenticatorBase.java","lineNumber":482,"nativeMethod":false,"className":"org.apache.catalina.authenticator.AuthenticatorBase"},{"classLoaderName":"app","moduleName":null,"moduleVersion":null,"methodName":"invoke","fileName":"StandardHostValve.java","lineNumber":115,"nativeMethod":false,"className":"org.apache.catalina.core.StandardHostValve"},{"classLoaderName":"app","moduleName":null,"moduleVersion":null,"methodName":"invoke","fileName":"ErrorReportValve.java","lineNumber":93,"nativeMethod":false,"className":"org.apache.catalina.valves.ErrorReportValve"},{"classLoaderName":"app","moduleName":null,"moduleVersion":null,"methodName":"invoke","fileName":"StandardEngineValve.java","lineNumber":74,"nativeMethod":false,"className":"org.apache.catalina.core.StandardEngineValve"},{"classLoaderName":"app","moduleName":null,"moduleVersion":null,"methodName":"service","fileName":"CoyoteAdapter.java","lineNumber":341,"nativeMethod":false,"className":"org.apache.catalina.connector.CoyoteAdapter"},{"classLoaderName":"app","moduleName":null,"moduleVersion":null,"methodName":"service","fileName":"Http11Processor.java","lineNumber":391,"nativeMethod":false,"className":"org.apache.coyote.http11.Http11Processor"},{"classLoaderName":"app","moduleName":null,"moduleVersion":null,"methodName":"process","fileName":"AbstractProcessorLight.java","lineNumber":63,"nativeMethod":false,"className":"org.apache.coyote.AbstractProcessorLight"},{"classLoaderName":"app","moduleName":null,"moduleVersion":null,"methodName":"process","fileName":"AbstractProtocol.java","lineNumber":894,"nativeMethod":false,"className":"org.apache.coyote.AbstractProtocol$ConnectionHandler"},{"classLoaderName":"app","moduleName":null,"moduleVersion":null,"methodName":"doRun","fileName":"NioEndpoint.java","lineNumber":1740,"nativeMethod":false,"className":"org.apache.tomcat.util.net.NioEndpoint$SocketProcessor"},{"classLoaderName":"app","moduleName":null,"moduleVersion":null,"methodName":"run","fileName":"SocketProcessorBase.java","lineNumber":52,"nativeMethod":false,"className":"org.apache.tomcat.util.net.SocketProcessorBase"},{"classLoaderName":"app","moduleName":null,"moduleVersion":null,"methodName":"runWorker","fileName":"ThreadPoolExecutor.java","lineNumber":1191,"nativeMethod":false,"className":"org.apache.tomcat.util.threads.ThreadPoolExecutor"},{"classLoaderName":"app","moduleName":null,"moduleVersion":null,"methodName":"run","fileName":"ThreadPoolExecutor.java","lineNumber":659,"nativeMethod":false,"className":"org.apache.tomcat.util.threads.ThreadPoolExecutor$Worker"},{"classLoaderName":"app","moduleName":null,"moduleVersion":null,"methodName":"run","fileName":"TaskThread.java","lineNumber":61,"nativeMethod":false,"className":"org.apache.tomcat.util.threads.TaskThread$WrappingRunnable"},{"classLoaderName":null,"moduleName":"java.base","moduleVersion":"17.0.7","methodName":"run","fileName":"Thread.java","lineNumber":833,"nativeMethod":false,"className":"java.lang.Thread"}],"message":"resource not found id:3","suppressed":[],"localizedMessage":"resource not found id:3"}
2023-08-19 21:03:48.999 INFO  [SpringApplicationShutdownHook] o.s.o.j.LocalContainerEntityManagerFactoryBean - Closing JPA EntityManagerFactory for persistence unit 'default'
2023-08-19 21:03:49.082 INFO  [SpringApplicationShutdownHook] com.zaxxer.hikari.HikariDataSource - HikariPool-1 - Shutdown initiated...
2023-08-19 21:03:49.321 INFO  [SpringApplicationShutdownHook] com.zaxxer.hikari.HikariDataSource - HikariPool-1 - Shutdown completed.
2023-08-19 21:35:03.720 INFO  [main] com.standard.StandardApplication - Starting StandardApplication using Java 17.0.7 with PID 16684 (E:\Project\Standard\Standard\target\classes started by Admin in E:\Project\Standard\Standard)
2023-08-19 21:35:03.726 INFO  [main] com.standard.StandardApplication - No active profile set, falling back to 1 default profile: "default"
2023-08-19 21:35:06.372 INFO  [main] o.s.d.r.c.RepositoryConfigurationDelegate - Bootstrapping Spring Data JPA repositories in DEFAULT mode.
2023-08-19 21:35:06.595 INFO  [main] o.s.d.r.c.RepositoryConfigurationDelegate - Finished Spring Data repository scanning in 202 ms. Found 4 JPA repository interfaces.
2023-08-19 21:35:09.523 INFO  [main] o.s.b.w.e.tomcat.TomcatWebServer - Tomcat initialized with port(s): 8080 (http)
2023-08-19 21:35:09.535 INFO  [main] o.a.coyote.http11.Http11NioProtocol - Initializing ProtocolHandler ["http-nio-8080"]
2023-08-19 21:35:09.570 INFO  [main] o.a.catalina.core.StandardService - Starting service [Tomcat]
2023-08-19 21:35:09.571 INFO  [main] o.a.catalina.core.StandardEngine - Starting Servlet engine: [Apache Tomcat/10.1.11]
2023-08-19 21:35:09.922 INFO  [main] o.a.c.c.C.[Tomcat].[localhost].[/] - Initializing Spring embedded WebApplicationContext
2023-08-19 21:35:09.926 INFO  [main] o.s.b.w.s.c.ServletWebServerApplicationContext - Root WebApplicationContext: initialization completed in 5921 ms
2023-08-19 21:35:10.473 INFO  [main] o.h.jpa.internal.util.LogHelper - HHH000204: Processing PersistenceUnitInfo [name: default]
2023-08-19 21:35:10.681 INFO  [main] org.hibernate.Version - HHH000412: Hibernate ORM core version 6.2.6.Final
2023-08-19 21:35:10.686 INFO  [main] org.hibernate.cfg.Environment - HHH000406: Using bytecode reflection optimizer
2023-08-19 21:35:11.098 INFO  [main] o.h.b.i.BytecodeProviderInitiator - HHH000021: Bytecode provider name : bytebuddy
2023-08-19 21:35:11.623 INFO  [main] o.s.o.j.p.SpringPersistenceUnitInfo - No LoadTimeWeaver setup: ignoring JPA class transformer
2023-08-19 21:35:11.656 INFO  [main] com.zaxxer.hikari.HikariDataSource - HikariPool-1 - Starting...
2023-08-19 21:35:13.749 INFO  [main] com.zaxxer.hikari.pool.HikariPool - HikariPool-1 - Added connection com.mysql.cj.jdbc.ConnectionImpl@6cd2cb2
2023-08-19 21:35:13.754 INFO  [main] com.zaxxer.hikari.HikariDataSource - HikariPool-1 - Start completed.
2023-08-19 21:35:14.961 INFO  [main] o.h.b.i.BytecodeProviderInitiator - HHH000021: Bytecode provider name : bytebuddy
2023-08-19 21:35:16.788 INFO  [main] o.h.e.t.j.p.i.JtaPlatformInitiator - HHH000490: Using JtaPlatform implementation: [org.hibernate.engine.transaction.jta.platform.internal.NoJtaPlatform]
2023-08-19 21:35:19.079 INFO  [main] o.s.o.j.LocalContainerEntityManagerFactoryBean - Initialized JPA EntityManagerFactory for persistence unit 'default'
2023-08-19 21:35:20.904 WARN  [main] o.s.b.a.o.j.JpaBaseConfiguration$JpaWebConfiguration - spring.jpa.open-in-view is enabled by default. Therefore, database queries may be performed during view rendering. Explicitly configure spring.jpa.open-in-view to disable this warning
2023-08-19 21:35:22.722 INFO  [main] o.a.coyote.http11.Http11NioProtocol - Starting ProtocolHandler ["http-nio-8080"]
2023-08-19 21:35:22.945 INFO  [main] o.s.b.w.e.tomcat.TomcatWebServer - Tomcat started on port(s): 8080 (http) with context path ''
2023-08-19 21:35:22.979 INFO  [main] com.standard.StandardApplication - Started StandardApplication in 21.326 seconds (process running for 24.037)
2023-08-19 21:35:31.066 INFO  [http-nio-8080-exec-1] o.a.c.c.C.[Tomcat].[localhost].[/] - Initializing Spring DispatcherServlet 'dispatcherServlet'
2023-08-19 21:35:31.067 INFO  [http-nio-8080-exec-1] o.s.web.servlet.DispatcherServlet - Initializing Servlet 'dispatcherServlet'
2023-08-19 21:35:31.069 INFO  [http-nio-8080-exec-1] o.s.web.servlet.DispatcherServlet - Completed initialization in 2 ms
2023-08-19 21:35:32.499 INFO  [http-nio-8080-exec-3] o.s.api.AbstractOpenApiResource - Init duration for springdoc-openapi is: 893 ms
2023-08-19 21:35:41.828 ERROR [http-nio-8080-exec-4] c.standard.exception.HandleException - {}
2023-08-19 21:36:16.957 INFO  [SpringApplicationShutdownHook] o.s.o.j.LocalContainerEntityManagerFactoryBean - Closing JPA EntityManagerFactory for persistence unit 'default'
2023-08-19 21:36:16.962 INFO  [SpringApplicationShutdownHook] com.zaxxer.hikari.HikariDataSource - HikariPool-1 - Shutdown initiated...
2023-08-19 21:36:16.980 INFO  [SpringApplicationShutdownHook] com.zaxxer.hikari.HikariDataSource - HikariPool-1 - Shutdown completed.
2023-08-19 21:36:30.105 INFO  [main] com.standard.StandardApplication - Starting StandardApplication using Java 17.0.7 with PID 16540 (E:\Project\Standard\Standard\target\classes started by Admin in E:\Project\Standard\Standard)
2023-08-19 21:36:30.112 INFO  [main] com.standard.StandardApplication - No active profile set, falling back to 1 default profile: "default"
2023-08-19 21:36:32.564 INFO  [main] o.s.d.r.c.RepositoryConfigurationDelegate - Bootstrapping Spring Data JPA repositories in DEFAULT mode.
2023-08-19 21:36:32.742 INFO  [main] o.s.d.r.c.RepositoryConfigurationDelegate - Finished Spring Data repository scanning in 154 ms. Found 4 JPA repository interfaces.
2023-08-19 21:36:34.623 INFO  [main] o.s.b.w.e.tomcat.TomcatWebServer - Tomcat initialized with port(s): 8080 (http)
2023-08-19 21:36:34.644 INFO  [main] o.a.coyote.http11.Http11NioProtocol - Initializing ProtocolHandler ["http-nio-8080"]
2023-08-19 21:36:34.652 INFO  [main] o.a.catalina.core.StandardService - Starting service [Tomcat]
2023-08-19 21:36:34.653 INFO  [main] o.a.catalina.core.StandardEngine - Starting Servlet engine: [Apache Tomcat/10.1.11]
2023-08-19 21:36:35.043 INFO  [main] o.a.c.c.C.[Tomcat].[localhost].[/] - Initializing Spring embedded WebApplicationContext
2023-08-19 21:36:35.048 INFO  [main] o.s.b.w.s.c.ServletWebServerApplicationContext - Root WebApplicationContext: initialization completed in 4821 ms
2023-08-19 21:36:35.508 INFO  [main] o.h.jpa.internal.util.LogHelper - HHH000204: Processing PersistenceUnitInfo [name: default]
2023-08-19 21:36:35.648 INFO  [main] org.hibernate.Version - HHH000412: Hibernate ORM core version 6.2.6.Final
2023-08-19 21:36:35.654 INFO  [main] org.hibernate.cfg.Environment - HHH000406: Using bytecode reflection optimizer
2023-08-19 21:36:36.032 INFO  [main] o.h.b.i.BytecodeProviderInitiator - HHH000021: Bytecode provider name : bytebuddy
2023-08-19 21:36:36.345 INFO  [main] o.s.o.j.p.SpringPersistenceUnitInfo - No LoadTimeWeaver setup: ignoring JPA class transformer
2023-08-19 21:36:36.408 INFO  [main] com.zaxxer.hikari.HikariDataSource - HikariPool-1 - Starting...
2023-08-19 21:36:37.149 INFO  [main] com.zaxxer.hikari.pool.HikariPool - HikariPool-1 - Added connection com.mysql.cj.jdbc.ConnectionImpl@3f0c6b3c
2023-08-19 21:36:37.154 INFO  [main] com.zaxxer.hikari.HikariDataSource - HikariPool-1 - Start completed.
2023-08-19 21:36:38.220 INFO  [main] o.h.b.i.BytecodeProviderInitiator - HHH000021: Bytecode provider name : bytebuddy
2023-08-19 21:36:39.767 INFO  [main] o.h.e.t.j.p.i.JtaPlatformInitiator - HHH000490: Using JtaPlatform implementation: [org.hibernate.engine.transaction.jta.platform.internal.NoJtaPlatform]
2023-08-19 21:36:40.573 INFO  [main] o.s.o.j.LocalContainerEntityManagerFactoryBean - Initialized JPA EntityManagerFactory for persistence unit 'default'
2023-08-19 21:36:41.734 WARN  [main] o.s.b.a.o.j.JpaBaseConfiguration$JpaWebConfiguration - spring.jpa.open-in-view is enabled by default. Therefore, database queries may be performed during view rendering. Explicitly configure spring.jpa.open-in-view to disable this warning
2023-08-19 21:36:42.981 INFO  [main] o.a.coyote.http11.Http11NioProtocol - Starting ProtocolHandler ["http-nio-8080"]
2023-08-19 21:36:43.064 INFO  [main] o.s.b.w.e.tomcat.TomcatWebServer - Tomcat started on port(s): 8080 (http) with context path ''
2023-08-19 21:36:43.092 INFO  [main] com.standard.StandardApplication - Started StandardApplication in 14.355 seconds (process running for 15.946)
2023-08-19 21:37:38.118 INFO  [http-nio-8080-exec-3] o.a.c.c.C.[Tomcat].[localhost].[/] - Initializing Spring DispatcherServlet 'dispatcherServlet'
2023-08-19 21:37:38.118 INFO  [http-nio-8080-exec-3] o.s.web.servlet.DispatcherServlet - Initializing Servlet 'dispatcherServlet'
2023-08-19 21:37:38.121 INFO  [http-nio-8080-exec-3] o.s.web.servlet.DispatcherServlet - Completed initialization in 2 ms
2023-08-19 21:37:40.006 INFO  [http-nio-8080-exec-5] o.s.api.AbstractOpenApiResource - Init duration for springdoc-openapi is: 1343 ms
2023-08-19 21:37:48.554 ERROR [http-nio-8080-exec-6] c.standard.exception.HandleException - {}
2023-08-19 21:38:14.821 INFO  [SpringApplicationShutdownHook] o.s.o.j.LocalContainerEntityManagerFactoryBean - Closing JPA EntityManagerFactory for persistence unit 'default'
2023-08-19 21:38:14.825 INFO  [SpringApplicationShutdownHook] com.zaxxer.hikari.HikariDataSource - HikariPool-1 - Shutdown initiated...
2023-08-19 21:38:14.852 INFO  [SpringApplicationShutdownHook] com.zaxxer.hikari.HikariDataSource - HikariPool-1 - Shutdown completed.
2023-08-19 21:43:05.861 INFO  [main] com.standard.StandardApplication - Starting StandardApplication using Java 17.0.7 with PID 17492 (E:\Project\Standard\Standard\target\classes started by Admin in E:\Project\Standard\Standard)
2023-08-19 21:43:05.867 INFO  [main] com.standard.StandardApplication - No active profile set, falling back to 1 default profile: "default"
2023-08-19 21:43:08.625 INFO  [main] o.s.d.r.c.RepositoryConfigurationDelegate - Bootstrapping Spring Data JPA repositories in DEFAULT mode.
2023-08-19 21:43:08.874 INFO  [main] o.s.d.r.c.RepositoryConfigurationDelegate - Finished Spring Data repository scanning in 221 ms. Found 4 JPA repository interfaces.
2023-08-19 21:43:10.961 INFO  [main] o.s.b.w.e.tomcat.TomcatWebServer - Tomcat initialized with port(s): 8080 (http)
2023-08-19 21:43:10.997 INFO  [main] o.a.coyote.http11.Http11NioProtocol - Initializing ProtocolHandler ["http-nio-8080"]
2023-08-19 21:43:11.003 INFO  [main] o.a.catalina.core.StandardService - Starting service [Tomcat]
2023-08-19 21:43:11.004 INFO  [main] o.a.catalina.core.StandardEngine - Starting Servlet engine: [Apache Tomcat/10.1.11]
2023-08-19 21:43:11.467 INFO  [main] o.a.c.c.C.[Tomcat].[localhost].[/] - Initializing Spring embedded WebApplicationContext
2023-08-19 21:43:11.471 INFO  [main] o.s.b.w.s.c.ServletWebServerApplicationContext - Root WebApplicationContext: initialization completed in 5430 ms
2023-08-19 21:43:12.093 INFO  [main] o.h.jpa.internal.util.LogHelper - HHH000204: Processing PersistenceUnitInfo [name: default]
2023-08-19 21:43:12.367 INFO  [main] org.hibernate.Version - HHH000412: Hibernate ORM core version 6.2.6.Final
2023-08-19 21:43:12.372 INFO  [main] org.hibernate.cfg.Environment - HHH000406: Using bytecode reflection optimizer
2023-08-19 21:43:12.956 INFO  [main] o.h.b.i.BytecodeProviderInitiator - HHH000021: Bytecode provider name : bytebuddy
2023-08-19 21:43:13.319 INFO  [main] o.s.o.j.p.SpringPersistenceUnitInfo - No LoadTimeWeaver setup: ignoring JPA class transformer
2023-08-19 21:43:13.383 INFO  [main] com.zaxxer.hikari.HikariDataSource - HikariPool-1 - Starting...
2023-08-19 21:43:14.299 INFO  [main] com.zaxxer.hikari.pool.HikariPool - HikariPool-1 - Added connection com.mysql.cj.jdbc.ConnectionImpl@26463a6
2023-08-19 21:43:14.303 INFO  [main] com.zaxxer.hikari.HikariDataSource - HikariPool-1 - Start completed.
2023-08-19 21:43:15.377 INFO  [main] o.h.b.i.BytecodeProviderInitiator - HHH000021: Bytecode provider name : bytebuddy
2023-08-19 21:43:16.843 INFO  [main] o.h.e.t.j.p.i.JtaPlatformInitiator - HHH000490: Using JtaPlatform implementation: [org.hibernate.engine.transaction.jta.platform.internal.NoJtaPlatform]
2023-08-19 21:43:17.398 INFO  [main] o.s.o.j.LocalContainerEntityManagerFactoryBean - Initialized JPA EntityManagerFactory for persistence unit 'default'
2023-08-19 21:43:19.647 WARN  [main] o.s.b.a.o.j.JpaBaseConfiguration$JpaWebConfiguration - spring.jpa.open-in-view is enabled by default. Therefore, database queries may be performed during view rendering. Explicitly configure spring.jpa.open-in-view to disable this warning
2023-08-19 21:43:21.124 INFO  [main] o.a.coyote.http11.Http11NioProtocol - Starting ProtocolHandler ["http-nio-8080"]
2023-08-19 21:43:21.201 INFO  [main] o.s.b.w.e.tomcat.TomcatWebServer - Tomcat started on port(s): 8080 (http) with context path ''
2023-08-19 21:43:21.224 INFO  [main] com.standard.StandardApplication - Started StandardApplication in 17.138 seconds (process running for 21.252)
2023-08-19 21:43:41.246 INFO  [http-nio-8080-exec-1] o.a.c.c.C.[Tomcat].[localhost].[/] - Initializing Spring DispatcherServlet 'dispatcherServlet'
2023-08-19 21:43:41.248 INFO  [http-nio-8080-exec-1] o.s.web.servlet.DispatcherServlet - Initializing Servlet 'dispatcherServlet'
2023-08-19 21:43:41.251 INFO  [http-nio-8080-exec-1] o.s.web.servlet.DispatcherServlet - Completed initialization in 3 ms
2023-08-19 21:43:43.656 INFO  [http-nio-8080-exec-3] o.s.api.AbstractOpenApiResource - Init duration for springdoc-openapi is: 1427 ms
2023-08-19 21:44:14.530 ERROR [http-nio-8080-exec-4] com.standard.util.HttpRequestUtil - [HttpRequestUtil] getBodyContent error: 
java.io.IOException: Stream closed
	at org.apache.catalina.connector.InputBuffer.throwIfClosed(InputBuffer.java:523)
	at org.apache.catalina.connector.InputBuffer.read(InputBuffer.java:334)
	at org.apache.catalina.connector.CoyoteInputStream.read(CoyoteInputStream.java:132)
	at java.base/sun.nio.cs.StreamDecoder.readBytes(StreamDecoder.java:270)
	at java.base/sun.nio.cs.StreamDecoder.implRead(StreamDecoder.java:313)
	at java.base/sun.nio.cs.StreamDecoder.read(StreamDecoder.java:188)
	at java.base/java.io.InputStreamReader.read(InputStreamReader.java:177)
	at java.base/java.io.BufferedReader.fill(BufferedReader.java:162)
	at java.base/java.io.BufferedReader.readLine(BufferedReader.java:329)
	at java.base/java.io.BufferedReader.readLine(BufferedReader.java:396)
	at com.standard.util.HttpRequestUtil.getBodyContent(HttpRequestUtil.java:21)
	at com.standard.util.CustomLogUtil.getBodyOfRequest(CustomLogUtil.java:39)
	at com.standard.util.LogInfo.<init>(LogInfo.java:47)
	at com.standard.exception.HandleException.handleApplicationException(HandleException.java:32)
	at java.base/jdk.internal.reflect.NativeMethodAccessorImpl.invoke0(Native Method)
	at java.base/jdk.internal.reflect.NativeMethodAccessorImpl.invoke(NativeMethodAccessorImpl.java:77)
	at java.base/jdk.internal.reflect.DelegatingMethodAccessorImpl.invoke(DelegatingMethodAccessorImpl.java:43)
	at java.base/java.lang.reflect.Method.invoke(Method.java:568)
	at org.springframework.web.method.support.InvocableHandlerMethod.doInvoke(InvocableHandlerMethod.java:205)
	at org.springframework.web.method.support.InvocableHandlerMethod.invokeForRequest(InvocableHandlerMethod.java:150)
	at org.springframework.web.servlet.mvc.method.annotation.ServletInvocableHandlerMethod.invokeAndHandle(ServletInvocableHandlerMethod.java:118)
	at org.springframework.web.servlet.mvc.method.annotation.ExceptionHandlerExceptionResolver.doResolveHandlerMethodException(ExceptionHandlerExceptionResolver.java:413)
	at org.springframework.web.servlet.handler.AbstractHandlerMethodExceptionResolver.doResolveException(AbstractHandlerMethodExceptionResolver.java:74)
	at org.springframework.web.servlet.handler.AbstractHandlerExceptionResolver.resolveException(AbstractHandlerExceptionResolver.java:141)
	at org.springframework.web.servlet.handler.HandlerExceptionResolverComposite.resolveException(HandlerExceptionResolverComposite.java:80)
	at org.springframework.web.servlet.DispatcherServlet.processHandlerException(DispatcherServlet.java:1341)
	at org.springframework.web.servlet.DispatcherServlet.processDispatchResult(DispatcherServlet.java:1152)
	at org.springframework.web.servlet.DispatcherServlet.doDispatch(DispatcherServlet.java:1098)
	at org.springframework.web.servlet.DispatcherServlet.doService(DispatcherServlet.java:974)
	at org.springframework.web.servlet.FrameworkServlet.processRequest(FrameworkServlet.java:1011)
	at org.springframework.web.servlet.FrameworkServlet.doDelete(FrameworkServlet.java:936)
	at jakarta.servlet.http.HttpServlet.service(HttpServlet.java:596)
	at org.springframework.web.servlet.FrameworkServlet.service(FrameworkServlet.java:885)
	at jakarta.servlet.http.HttpServlet.service(HttpServlet.java:658)
	at org.apache.catalina.core.ApplicationFilterChain.internalDoFilter(ApplicationFilterChain.java:205)
	at org.apache.catalina.core.ApplicationFilterChain.doFilter(ApplicationFilterChain.java:149)
	at org.apache.tomcat.websocket.server.WsFilter.doFilter(WsFilter.java:51)
	at org.apache.catalina.core.ApplicationFilterChain.internalDoFilter(ApplicationFilterChain.java:174)
	at org.apache.catalina.core.ApplicationFilterChain.doFilter(ApplicationFilterChain.java:149)
	at org.springframework.web.filter.RequestContextFilter.doFilterInternal(RequestContextFilter.java:100)
	at org.springframework.web.filter.OncePerRequestFilter.doFilter(OncePerRequestFilter.java:116)
	at org.apache.catalina.core.ApplicationFilterChain.internalDoFilter(ApplicationFilterChain.java:174)
	at org.apache.catalina.core.ApplicationFilterChain.doFilter(ApplicationFilterChain.java:149)
	at org.springframework.web.filter.FormContentFilter.doFilterInternal(FormContentFilter.java:93)
	at org.springframework.web.filter.OncePerRequestFilter.doFilter(OncePerRequestFilter.java:116)
	at org.apache.catalina.core.ApplicationFilterChain.internalDoFilter(ApplicationFilterChain.java:174)
	at org.apache.catalina.core.ApplicationFilterChain.doFilter(ApplicationFilterChain.java:149)
	at org.springframework.web.filter.CharacterEncodingFilter.doFilterInternal(CharacterEncodingFilter.java:201)
	at org.springframework.web.filter.OncePerRequestFilter.doFilter(OncePerRequestFilter.java:116)
	at org.apache.catalina.core.ApplicationFilterChain.internalDoFilter(ApplicationFilterChain.java:174)
	at org.apache.catalina.core.ApplicationFilterChain.doFilter(ApplicationFilterChain.java:149)
	at org.apache.catalina.core.StandardWrapperValve.invoke(StandardWrapperValve.java:166)
	at org.apache.catalina.core.StandardContextValve.invoke(StandardContextValve.java:90)
	at org.apache.catalina.authenticator.AuthenticatorBase.invoke(AuthenticatorBase.java:482)
	at org.apache.catalina.core.StandardHostValve.invoke(StandardHostValve.java:115)
	at org.apache.catalina.valves.ErrorReportValve.invoke(ErrorReportValve.java:93)
	at org.apache.catalina.core.StandardEngineValve.invoke(StandardEngineValve.java:74)
	at org.apache.catalina.connector.CoyoteAdapter.service(CoyoteAdapter.java:341)
	at org.apache.coyote.http11.Http11Processor.service(Http11Processor.java:391)
	at org.apache.coyote.AbstractProcessorLight.process(AbstractProcessorLight.java:63)
	at org.apache.coyote.AbstractProtocol$ConnectionHandler.process(AbstractProtocol.java:894)
	at org.apache.tomcat.util.net.NioEndpoint$SocketProcessor.doRun(NioEndpoint.java:1740)
	at org.apache.tomcat.util.net.SocketProcessorBase.run(SocketProcessorBase.java:52)
	at org.apache.tomcat.util.threads.ThreadPoolExecutor.runWorker(ThreadPoolExecutor.java:1191)
	at org.apache.tomcat.util.threads.ThreadPoolExecutor$Worker.run(ThreadPoolExecutor.java:659)
	at org.apache.tomcat.util.threads.TaskThread$WrappingRunnable.run(TaskThread.java:61)
	at java.base/java.lang.Thread.run(Thread.java:833)
2023-08-19 21:44:14.620 ERROR [http-nio-8080-exec-4] c.standard.exception.HandleException - {}
2023-08-19 21:44:14.757 INFO  [SpringApplicationShutdownHook] o.s.o.j.LocalContainerEntityManagerFactoryBean - Closing JPA EntityManagerFactory for persistence unit 'default'
2023-08-19 21:44:14.761 INFO  [SpringApplicationShutdownHook] com.zaxxer.hikari.HikariDataSource - HikariPool-1 - Shutdown initiated...
2023-08-19 21:44:14.785 INFO  [SpringApplicationShutdownHook] com.zaxxer.hikari.HikariDataSource - HikariPool-1 - Shutdown completed.
2023-08-19 22:25:35.083 INFO  [main] com.standard.StandardApplication - Starting StandardApplication using Java 17.0.7 with PID 17300 (E:\Project\Standard\Standard\target\classes started by Admin in E:\Project\Standard\Standard)
2023-08-19 22:25:35.088 INFO  [main] com.standard.StandardApplication - No active profile set, falling back to 1 default profile: "default"
2023-08-19 22:25:38.398 INFO  [main] o.s.d.r.c.RepositoryConfigurationDelegate - Bootstrapping Spring Data JPA repositories in DEFAULT mode.
2023-08-19 22:25:38.587 INFO  [main] o.s.d.r.c.RepositoryConfigurationDelegate - Finished Spring Data repository scanning in 170 ms. Found 4 JPA repository interfaces.
2023-08-19 22:25:40.853 INFO  [main] o.s.b.w.e.tomcat.TomcatWebServer - Tomcat initialized with port(s): 8080 (http)
2023-08-19 22:25:40.886 INFO  [main] o.a.coyote.http11.Http11NioProtocol - Initializing ProtocolHandler ["http-nio-8080"]
2023-08-19 22:25:40.892 INFO  [main] o.a.catalina.core.StandardService - Starting service [Tomcat]
2023-08-19 22:25:40.893 INFO  [main] o.a.catalina.core.StandardEngine - Starting Servlet engine: [Apache Tomcat/10.1.11]
2023-08-19 22:25:41.237 INFO  [main] o.a.c.c.C.[Tomcat].[localhost].[/] - Initializing Spring embedded WebApplicationContext
2023-08-19 22:25:41.242 INFO  [main] o.s.b.w.s.c.ServletWebServerApplicationContext - Root WebApplicationContext: initialization completed in 5989 ms
2023-08-19 22:25:41.800 INFO  [main] o.h.jpa.internal.util.LogHelper - HHH000204: Processing PersistenceUnitInfo [name: default]
2023-08-19 22:25:41.929 INFO  [main] org.hibernate.Version - HHH000412: Hibernate ORM core version 6.2.6.Final
2023-08-19 22:25:41.933 INFO  [main] org.hibernate.cfg.Environment - HHH000406: Using bytecode reflection optimizer
2023-08-19 22:25:42.271 INFO  [main] o.h.b.i.BytecodeProviderInitiator - HHH000021: Bytecode provider name : bytebuddy
2023-08-19 22:25:42.608 INFO  [main] o.s.o.j.p.SpringPersistenceUnitInfo - No LoadTimeWeaver setup: ignoring JPA class transformer
2023-08-19 22:25:42.684 INFO  [main] com.zaxxer.hikari.HikariDataSource - HikariPool-1 - Starting...
2023-08-19 22:25:43.572 INFO  [main] com.zaxxer.hikari.pool.HikariPool - HikariPool-1 - Added connection com.mysql.cj.jdbc.ConnectionImpl@50de907a
2023-08-19 22:25:43.576 INFO  [main] com.zaxxer.hikari.HikariDataSource - HikariPool-1 - Start completed.
2023-08-19 22:25:44.612 INFO  [main] o.h.b.i.BytecodeProviderInitiator - HHH000021: Bytecode provider name : bytebuddy
2023-08-19 22:25:46.079 INFO  [main] o.h.e.t.j.p.i.JtaPlatformInitiator - HHH000490: Using JtaPlatform implementation: [org.hibernate.engine.transaction.jta.platform.internal.NoJtaPlatform]
2023-08-19 22:25:48.051 INFO  [main] o.s.o.j.LocalContainerEntityManagerFactoryBean - Initialized JPA EntityManagerFactory for persistence unit 'default'
2023-08-19 22:25:50.733 WARN  [main] o.s.b.a.o.j.JpaBaseConfiguration$JpaWebConfiguration - spring.jpa.open-in-view is enabled by default. Therefore, database queries may be performed during view rendering. Explicitly configure spring.jpa.open-in-view to disable this warning
2023-08-19 22:25:52.043 INFO  [main] o.a.coyote.http11.Http11NioProtocol - Starting ProtocolHandler ["http-nio-8080"]
2023-08-19 22:25:52.237 INFO  [main] o.s.b.w.e.tomcat.TomcatWebServer - Tomcat started on port(s): 8080 (http) with context path ''
2023-08-19 22:25:52.272 INFO  [main] com.standard.StandardApplication - Started StandardApplication in 18.803 seconds (process running for 20.606)
2023-08-19 22:25:59.164 INFO  [http-nio-8080-exec-1] o.a.c.c.C.[Tomcat].[localhost].[/] - Initializing Spring DispatcherServlet 'dispatcherServlet'
2023-08-19 22:25:59.165 INFO  [http-nio-8080-exec-1] o.s.web.servlet.DispatcherServlet - Initializing Servlet 'dispatcherServlet'
2023-08-19 22:25:59.169 INFO  [http-nio-8080-exec-1] o.s.web.servlet.DispatcherServlet - Completed initialization in 4 ms
2023-08-19 22:26:00.484 INFO  [http-nio-8080-exec-3] o.s.api.AbstractOpenApiResource - Init duration for springdoc-openapi is: 766 ms
2023-08-19 22:26:08.763 ERROR [http-nio-8080-exec-4] c.standard.exception.HandleException - {"url":"http://localhost:8080/author/5","level":"ERROR","method":"DELETE","logHeader":"{\"sec-fetch-mode\"=\"cors\", \"referer\"=\"http://localhost:8080/swagger-ui/index.html\", \"sec-fetch-site\"=\"same-origin\", \"accept-language\"=\"vi-VN,vi;q=0.9,fr-FR;q=0.8,fr;q=0.7,en-US;q=0.6,en;q=0.5\", \"cookie\"=\"Idea-582e8113=540e2363-b4d6-444c-a739-1e736c933441; JSESSIONID=97074008C0BB9C1A4AC1097B9154CDFE; mongo-express=s%3ASXHuPrnId6cdRBfyaUix-yKcHgVKOaa3.6AEQXPafKvy%2FFeDGHWR2jczBSOR7D80xTueLe3%2BbuNw\", \"origin\"=\"http://localhost:8080\", \"accept\"=\"*/*\", \"sec-ch-ua\"=\"\"Chromium\";v=\"116\", \"Not)A;Brand\";v=\"24\", \"Google Chrome\";v=\"116\"\", \"sec-ch-ua-mobile\"=\"?0\", \"sec-ch-ua-platform\"=\"\"Windows\"\", \"host\"=\"localhost:8080\", \"connection\"=\"keep-alive\", \"accept-encoding\"=\"gzip, deflate, br\", \"user-agent\"=\"Mozilla/5.0 (Windows NT 10.0; Win64; x64) AppleWebKit/537.36 (KHTML, like Gecko) Chrome/116.0.0.0 Safari/537.36\", \"sec-fetch-dest\"=\"empty\"}","requestParam":"{}","requestBody":"","responseBody":"{\"status\":404,\"message\":\"resource not found id:5\"}","responseCode":"404","transactionID":"null","dateTime":"2023-08-19T15:26:08.752+00:00"}
2023-08-19 22:27:57.221 INFO  [SpringApplicationShutdownHook] o.s.o.j.LocalContainerEntityManagerFactoryBean - Closing JPA EntityManagerFactory for persistence unit 'default'
2023-08-19 22:27:57.226 INFO  [SpringApplicationShutdownHook] com.zaxxer.hikari.HikariDataSource - HikariPool-1 - Shutdown initiated...
2023-08-19 22:27:57.266 INFO  [SpringApplicationShutdownHook] com.zaxxer.hikari.HikariDataSource - HikariPool-1 - Shutdown completed.
2023-08-19 23:53:16.887 INFO  [main] com.standard.StandardApplication - Starting StandardApplication using Java 17.0.7 with PID 14576 (E:\Project\Standard\Standard\target\classes started by Admin in E:\Project\Standard\Standard)
2023-08-19 23:53:16.915 INFO  [main] com.standard.StandardApplication - No active profile set, falling back to 1 default profile: "default"
2023-08-19 23:53:21.244 INFO  [main] o.s.d.r.c.RepositoryConfigurationDelegate - Bootstrapping Spring Data JPA repositories in DEFAULT mode.
2023-08-19 23:53:21.619 INFO  [main] o.s.d.r.c.RepositoryConfigurationDelegate - Finished Spring Data repository scanning in 315 ms. Found 4 JPA repository interfaces.
2023-08-19 23:53:26.797 INFO  [main] o.s.b.w.e.tomcat.TomcatWebServer - Tomcat initialized with port(s): 8080 (http)
2023-08-19 23:53:26.836 INFO  [main] o.a.coyote.http11.Http11NioProtocol - Initializing ProtocolHandler ["http-nio-8080"]
2023-08-19 23:53:26.860 INFO  [main] o.a.catalina.core.StandardService - Starting service [Tomcat]
2023-08-19 23:53:26.861 INFO  [main] o.a.catalina.core.StandardEngine - Starting Servlet engine: [Apache Tomcat/10.1.11]
2023-08-19 23:53:27.641 INFO  [main] o.a.c.c.C.[Tomcat].[localhost].[/] - Initializing Spring embedded WebApplicationContext
2023-08-19 23:53:27.646 INFO  [main] o.s.b.w.s.c.ServletWebServerApplicationContext - Root WebApplicationContext: initialization completed in 10455 ms
2023-08-19 23:53:30.687 INFO  [main] o.h.jpa.internal.util.LogHelper - HHH000204: Processing PersistenceUnitInfo [name: default]
2023-08-19 23:53:31.349 INFO  [main] org.hibernate.Version - HHH000412: Hibernate ORM core version 6.2.6.Final
2023-08-19 23:53:31.355 INFO  [main] org.hibernate.cfg.Environment - HHH000406: Using bytecode reflection optimizer
2023-08-19 23:53:32.518 INFO  [main] o.h.b.i.BytecodeProviderInitiator - HHH000021: Bytecode provider name : bytebuddy
2023-08-19 23:53:33.353 INFO  [main] o.s.o.j.p.SpringPersistenceUnitInfo - No LoadTimeWeaver setup: ignoring JPA class transformer
2023-08-19 23:53:33.573 INFO  [main] com.zaxxer.hikari.HikariDataSource - HikariPool-1 - Starting...
2023-08-19 23:53:36.831 INFO  [main] com.zaxxer.hikari.pool.HikariPool - HikariPool-1 - Added connection com.mysql.cj.jdbc.ConnectionImpl@5fa0141f
2023-08-19 23:53:36.836 INFO  [main] com.zaxxer.hikari.HikariDataSource - HikariPool-1 - Start completed.
2023-08-19 23:53:38.256 INFO  [main] o.h.b.i.BytecodeProviderInitiator - HHH000021: Bytecode provider name : bytebuddy
2023-08-19 23:53:41.396 INFO  [main] o.h.e.t.j.p.i.JtaPlatformInitiator - HHH000490: Using JtaPlatform implementation: [org.hibernate.engine.transaction.jta.platform.internal.NoJtaPlatform]
2023-08-19 23:53:42.218 INFO  [main] o.s.o.j.LocalContainerEntityManagerFactoryBean - Initialized JPA EntityManagerFactory for persistence unit 'default'
2023-08-19 23:53:44.008 WARN  [main] o.s.b.a.o.j.JpaBaseConfiguration$JpaWebConfiguration - spring.jpa.open-in-view is enabled by default. Therefore, database queries may be performed during view rendering. Explicitly configure spring.jpa.open-in-view to disable this warning
2023-08-19 23:53:46.475 INFO  [main] o.a.coyote.http11.Http11NioProtocol - Starting ProtocolHandler ["http-nio-8080"]
2023-08-19 23:53:46.914 INFO  [main] o.s.b.w.e.tomcat.TomcatWebServer - Tomcat started on port(s): 8080 (http) with context path ''
2023-08-19 23:53:46.943 INFO  [main] com.standard.StandardApplication - Started StandardApplication in 33.148 seconds (process running for 36.596)
2023-08-19 23:55:29.822 INFO  [http-nio-8080-exec-1] o.a.c.c.C.[Tomcat].[localhost].[/] - Initializing Spring DispatcherServlet 'dispatcherServlet'
2023-08-19 23:55:29.822 INFO  [http-nio-8080-exec-1] o.s.web.servlet.DispatcherServlet - Initializing Servlet 'dispatcherServlet'
2023-08-19 23:55:29.828 INFO  [http-nio-8080-exec-1] o.s.web.servlet.DispatcherServlet - Completed initialization in 5 ms
2023-08-19 23:55:32.520 INFO  [http-nio-8080-exec-3] o.s.api.AbstractOpenApiResource - Init duration for springdoc-openapi is: 1884 ms
2023-08-19 23:56:44.448 WARN  [HikariPool-1 housekeeper] com.zaxxer.hikari.pool.HikariPool - HikariPool-1 - Thread starvation or clock leap detected (housekeeper delta=1m7s499ms942s200ns).
2023-08-19 23:56:44.462 ERROR [http-nio-8080-exec-4] c.standard.exception.HandleException - {"url":"http://localhost:8080/author/8","level":"ERROR","method":"DELETE","logHeader":"{\"sec-fetch-mode\"=\"cors\", \"referer\"=\"http://localhost:8080/swagger-ui/index.html\", \"sec-fetch-site\"=\"same-origin\", \"accept-language\"=\"vi-VN,vi;q=0.9,fr-FR;q=0.8,fr;q=0.7,en-US;q=0.6,en;q=0.5\", \"cookie\"=\"Idea-582e8113=540e2363-b4d6-444c-a739-1e736c933441; JSESSIONID=97074008C0BB9C1A4AC1097B9154CDFE; mongo-express=s%3ASXHuPrnId6cdRBfyaUix-yKcHgVKOaa3.6AEQXPafKvy%2FFeDGHWR2jczBSOR7D80xTueLe3%2BbuNw\", \"origin\"=\"http://localhost:8080\", \"accept\"=\"*/*\", \"sec-ch-ua\"=\"\"Chromium\";v=\"116\", \"Not)A;Brand\";v=\"24\", \"Google Chrome\";v=\"116\"\", \"sec-ch-ua-mobile\"=\"?0\", \"sec-ch-ua-platform\"=\"\"Windows\"\", \"host\"=\"localhost:8080\", \"connection\"=\"keep-alive\", \"accept-encoding\"=\"gzip, deflate, br\", \"user-agent\"=\"Mozilla/5.0 (Windows NT 10.0; Win64; x64) AppleWebKit/537.36 (KHTML, like Gecko) Chrome/116.0.0.0 Safari/537.36\", \"sec-fetch-dest\"=\"empty\"}","requestParam":"{}","requestBody":"","responseBody":"{\"status\":404,\"message\":\"resource not found id:8\"}","responseCode":"404","transactionID":"null","dateTime":"2023-08-19T16:56:44.456+00:00"}
2023-08-19 23:57:18.458 ERROR [http-nio-8080-exec-5] c.standard.exception.HandleException - {"url":"http://localhost:8080/author/8","level":"ERROR","method":"DELETE","logHeader":"{\"sec-fetch-mode\"=\"cors\", \"referer\"=\"http://localhost:8080/swagger-ui/index.html\", \"sec-fetch-site\"=\"same-origin\", \"accept-language\"=\"vi-VN,vi;q=0.9,fr-FR;q=0.8,fr;q=0.7,en-US;q=0.6,en;q=0.5\", \"cookie\"=\"Idea-582e8113=540e2363-b4d6-444c-a739-1e736c933441; JSESSIONID=97074008C0BB9C1A4AC1097B9154CDFE; mongo-express=s%3ASXHuPrnId6cdRBfyaUix-yKcHgVKOaa3.6AEQXPafKvy%2FFeDGHWR2jczBSOR7D80xTueLe3%2BbuNw\", \"origin\"=\"http://localhost:8080\", \"accept\"=\"*/*\", \"sec-ch-ua\"=\"\"Chromium\";v=\"116\", \"Not)A;Brand\";v=\"24\", \"Google Chrome\";v=\"116\"\", \"sec-ch-ua-mobile\"=\"?0\", \"sec-ch-ua-platform\"=\"\"Windows\"\", \"host\"=\"localhost:8080\", \"connection\"=\"keep-alive\", \"accept-encoding\"=\"gzip, deflate, br\", \"user-agent\"=\"Mozilla/5.0 (Windows NT 10.0; Win64; x64) AppleWebKit/537.36 (KHTML, like Gecko) Chrome/116.0.0.0 Safari/537.36\", \"sec-fetch-dest\"=\"empty\"}","requestParam":"{}","requestBody":"","responseBody":"{\"status\":404,\"message\":\"resource not found id:8\"}","responseCode":"404","transactionID":"null","dateTime":"2023-08-19T16:57:18.457+00:00"}
2023-08-19 23:58:33.002 INFO  [SpringApplicationShutdownHook] o.s.o.j.LocalContainerEntityManagerFactoryBean - Closing JPA EntityManagerFactory for persistence unit 'default'
2023-08-19 23:58:33.009 INFO  [SpringApplicationShutdownHook] com.zaxxer.hikari.HikariDataSource - HikariPool-1 - Shutdown initiated...
2023-08-19 23:58:33.050 INFO  [SpringApplicationShutdownHook] com.zaxxer.hikari.HikariDataSource - HikariPool-1 - Shutdown completed.
